<?xml version="1.0" encoding="UTF-8"?>
<!-- Generated by org.testng.reporters.JUnitReportReporter -->
<testsuite hostname="3icube-PC" name="customers.CreateCustomer" tests="1" failures="0" timestamp="21 Nov 2013 07:08:47 GMT" time="0.001" errors="0">
  <testcase name="testCreateCustomer" time="0.001" classname="customers.CreateCustomer"/>
</testsuite> <!-- customers.CreateCustomer -->
