<?xml version="1.0" encoding="UTF-8"?>
<!-- Generated by org.testng.reporters.JUnitReportReporter -->
<testsuite hostname="3icube-PC" name="settings.CreateBilling" tests="1" failures="0" timestamp="21 Nov 2013 07:08:47 GMT" time="0.000" errors="0">
  <testcase name="testCreateBilling" time="0.000" classname="settings.CreateBilling"/>
</testsuite> <!-- settings.CreateBilling -->
